<?xml version="1.0" encoding="UTF-8"?>
<!-- Generated by org.testng.reporters.JUnitXMLReporter -->
<testsuite ignored="0" hostname="DESKTOP-2SGEQJT" failures="0" tests="5" name="Default test" time="11.232" errors="0" timestamp="2026-04-11T19:24:52 IST">
  <testcase classname="tests.SelectMenuTest" name="clickonclose" time="0.358"/>
  <testcase classname="tests.SelectMenuTest" name="clickonpractice" time="2.442"/>
  <testcase classname="tests.SelectMenuTest" name="clickonwidget" time="0.26"/>
  <testcase classname="tests.SelectMenuTest" name="clickonselectmenu" time="0.29"/>
  <testcase classname="tests.SelectMenuTest" name="clickondropdown" time="0.583"/>
</testsuite> <!-- Default test -->
