<?xml version="1.0" encoding="UTF-8"?>
<!-- Generated by org.testng.reporters.JUnitXMLReporter -->
<testsuite ignored="0" hostname="DESKTOP-2SGEQJT" failures="0" tests="5" name="Test" time="13.235" errors="0" timestamp="2026-02-27T11:05:56 IST">
  <testcase classname="tests.WebTableTest" name="clickonclose" time="0.202"/>
  <testcase classname="tests.WebTableTest" name="clickonpractice" time="1.984"/>
  <testcase classname="tests.WebTableTest" name="clickonelement" time="0.194"/>
  <testcase classname="tests.WebTableTest" name="clickonwebtable" time="0.235"/>
  <testcase classname="tests.WebTableTest" name="filldetails" time="4.283"/>
</testsuite> <!-- Test -->
