<?xml version="1.0" encoding="UTF-8"?>
<!-- Generated by org.testng.reporters.JUnitReportReporter -->
<testsuite hostname="DESKTOP-2SGEQJT" failures="0" tests="5" name="tests.CheckBoxTest" time="3.075" errors="0" timestamp="2026-02-23T10:45:31 IST" skipped="0">
  <testcase classname="tests.CheckBoxTest" name="clickonclose" time="0.148"/>
  <testcase classname="tests.CheckBoxTest" name="clickonpractice" time="2.136"/>
  <testcase classname="tests.CheckBoxTest" name="clickonelement" time="0.179"/>
  <testcase classname="tests.CheckBoxTest" name="clickoncheckbox" time="0.183"/>
  <testcase classname="tests.CheckBoxTest" name="clickonmobilecheckbox" time="0.429"/>
</testsuite> <!-- tests.CheckBoxTest -->
