<?xml version="1.0" encoding="UTF-8"?>
<!-- Generated by org.testng.reporters.JUnitReportReporter -->
<testsuite hostname="DESKTOP-2SGEQJT" failures="0" tests="6" name="tests.Textboxtest" time="5.275" errors="0" timestamp="2026-02-22T23:15:12 IST" skipped="0">
  <testcase classname="tests.Textboxtest" name="clickonclose" time="0.195"/>
  <testcase classname="tests.Textboxtest" name="clickonpractice" time="2.032"/>
  <testcase classname="tests.Textboxtest" name="clickonelement" time="0.193"/>
  <testcase classname="tests.Textboxtest" name="clickontextbox" time="0.199"/>
  <testcase classname="tests.Textboxtest" name="filldetails" time="2.179"/>
  <testcase classname="tests.Textboxtest" name="validate" time="0.477"/>
</testsuite> <!-- tests.Textboxtest -->
