<?xml version="1.0" encoding="UTF-8"?>
<!-- Generated by org.testng.reporters.JUnitReportReporter -->
<testsuite hostname="DESKTOP-2SGEQJT" failures="0" tests="6" name="tests.UploadTest" time="5.374" errors="0" timestamp="2026-04-10T23:04:19 IST" skipped="0">
  <testcase classname="tests.UploadTest" name="clickonclose" time="0.673"/>
  <testcase classname="tests.UploadTest" name="clickonpractice" time="2.330"/>
  <testcase classname="tests.UploadTest" name="clickonelement" time="0.514"/>
  <testcase classname="tests.UploadTest" name="clickonupload" time="0.530"/>
  <testcase classname="tests.UploadTest" name="clickonChoose" time="0.354"/>
  <testcase classname="tests.UploadTest" name="uploadfile" time="0.973"/>
</testsuite> <!-- tests.UploadTest -->
