<?xml version="1.0" encoding="UTF-8"?>
<!-- Generated by org.testng.reporters.JUnitReportReporter -->
<testsuite hostname="DESKTOP-2SGEQJT" failures="0" tests="6" name="tests.ModalTest" time="4.824" errors="0" timestamp="2026-04-11T17:35:28 IST" skipped="0">
  <testcase classname="tests.ModalTest" name="clickonclose" time="0.607"/>
  <testcase classname="tests.ModalTest" name="clickonpractice" time="2.038"/>
  <testcase classname="tests.ModalTest" name="clickonalert" time="0.771"/>
  <testcase classname="tests.ModalTest" name="clickonmodal" time="0.469"/>
  <testcase classname="tests.ModalTest" name="clickonsmallmodal" time="0.477"/>
  <testcase classname="tests.ModalTest" name="clickonsmallclose" time="0.462"/>
</testsuite> <!-- tests.ModalTest -->
