<?xml version="1.0" encoding="UTF-8"?>
<!-- Generated by org.testng.reporters.JUnitReportReporter -->
<testsuite hostname="DESKTOP-2SGEQJT" failures="0" tests="8" name="tests.AlertTest" time="12.692" errors="0" timestamp="2026-04-11T14:23:14 IST" skipped="0">
  <testcase classname="tests.AlertTest" name="clickonclose" time="0.695"/>
  <testcase classname="tests.AlertTest" name="clickonpractice" time="2.453"/>
  <testcase classname="tests.AlertTest" name="clickonalert" time="0.483"/>
  <testcase classname="tests.AlertTest" name="clickonalerts" time="0.724"/>
  <testcase classname="tests.AlertTest" name="clickonsimplealert" time="0.616"/>
  <testcase classname="tests.AlertTest" name="clickontimealert" time="5.711"/>
  <testcase classname="tests.AlertTest" name="clickonconfrmationalert" time="0.486"/>
  <testcase classname="tests.AlertTest" name="clickonpromtalert" time="1.524"/>
</testsuite> <!-- tests.AlertTest -->
