<?xml version="1.0" encoding="UTF-8"?>
<!-- Generated by org.testng.reporters.JUnitReportReporter -->
<testsuite hostname="DESKTOP-2SGEQJT" failures="0" tests="5" name="tests.SelectMenuTest" time="5.510" errors="0" timestamp="2026-04-11T19:24:52 IST" skipped="0">
  <testcase classname="tests.SelectMenuTest" name="clickonclose" time="0.570"/>
  <testcase classname="tests.SelectMenuTest" name="clickonpractice" time="2.872"/>
  <testcase classname="tests.SelectMenuTest" name="clickonwidget" time="0.431"/>
  <testcase classname="tests.SelectMenuTest" name="clickonselectmenu" time="0.517"/>
  <testcase classname="tests.SelectMenuTest" name="clickondropdown" time="1.120"/>
</testsuite> <!-- tests.SelectMenuTest -->
