<?xml version="1.0" encoding="UTF-8"?>
<!-- Generated by org.testng.reporters.JUnitReportReporter -->
<testsuite hostname="DESKTOP-2SGEQJT" failures="0" tests="4" name="tests.FrameTest" time="3.588" errors="0" timestamp="2026-04-11T14:45:27 IST" skipped="0">
  <testcase classname="tests.FrameTest" name="clickonclose" time="0.601"/>
  <testcase classname="tests.FrameTest" name="clickonpractice" time="1.880"/>
  <testcase classname="tests.FrameTest" name="clickonalert" time="0.678"/>
  <testcase classname="tests.FrameTest" name="clickonframes" time="0.429"/>
</testsuite> <!-- tests.FrameTest -->
